#
# There is insufficient memory for the Java Runtime Environment to continue.
# Native memory allocation (mmap) failed to map 65011712 bytes for Failed to commit area from 0x00000000c3200000 to 0x00000000c7000000 of length 65011712.
# Possible reasons:
#   The system is out of physical RAM or swap space
#   The process is running with CompressedOops enabled, and the Java Heap may be blocking the growth of the native heap
# Possible solutions:
#   Reduce memory load on the system
#   Increase physical memory or swap space
#   Check if swap backing store is full
#   Decrease Java heap size (-Xmx/-Xms)
#   Decrease number of Java threads
#   Decrease Java thread stack sizes (-Xss)
#   Set larger code cache with -XX:ReservedCodeCacheSize=
# This output file may be truncated or incomplete.
#
#  Out of Memory Error (./src/hotspot/os/windows/os_windows.cpp:3311), pid=10208, tid=9080
#
# JRE version:  (11.0.13+8) (build )
# Java VM: OpenJDK 64-Bit Server VM (11.0.13+8-LTS, mixed mode, sharing, tiered, compressed oops, g1 gc, windows-amd64)
# No core dump will be written. Minidumps are not enabled by default on client versions of Windows
#

---------------  S U M M A R Y ------------

Command Line: -Dfile.encoding=Cp1252 calculador.calculadora

Host: Intel(R) Core(TM) i3 CPU       M 380  @ 2.53GHz, 4 cores, 3G,  Windows 10 , 64 bit Build 19041 (10.0.19041.1348)
Time: Thu Dec 23 11:07:27 2021 Hora oficial do Brasil elapsed time: 0.036793 seconds (0d 0h 0m 0s)

---------------  T H R E A D  ---------------

Current thread (0x00000219aebf6800):  JavaThread "Unknown thread" [_thread_in_vm, id=9080, stack(0x0000005c3c700000,0x0000005c3c800000)]

Stack: [0x0000005c3c700000,0x0000005c3c800000]
Native frames: (J=compiled Java code, j=interpreted, Vv=VM code, C=native code)
V  [jvm.dll+0x62373a]
V  [jvm.dll+0x7b0769]
V  [jvm.dll+0x7b1e2f]
V  [jvm.dll+0x7b2503]
V  [jvm.dll+0x253658]
V  [jvm.dll+0x620a3a]
V  [jvm.dll+0x6152b5]
V  [jvm.dll+0x30bcac]
V  [jvm.dll+0x30bb32]
V  [jvm.dll+0x310856]
V  [jvm.dll+0x35642f]
V  [jvm.dll+0x355e60]
V  [jvm.dll+0x2e87c8]
V  [jvm.dll+0x2e9926]
V  [jvm.dll+0x78a4c7]
V  [jvm.dll+0x78bc51]
V  [jvm.dll+0x3631b9]
V  [jvm.dll+0x76d370]
V  [jvm.dll+0x3d1ecf]
V  [jvm.dll+0x3d4261]
C  [jli.dll+0x5207]
C  [ucrtbase.dll+0x21bb2]
C  [KERNEL32.DLL+0x17034]
C  [ntdll.dll+0x52651]


---------------  P R O C E S S  ---------------

Threads class SMR info:
_java_thread_list=0x00000219ad2b42b0, length=0, elements={
}

Java Threads: ( => current thread )

Other Threads:
  0x00000219aec0f800 GCTaskThread "GC Thread#0" [stack: 0x0000005c3c800000,0x0000005c3c900000] [id=8308]
  0x00000219aec2a800 ConcurrentGCThread "G1 Main Marker" [stack: 0x0000005c3c900000,0x0000005c3ca00000] [id=7636]
  0x00000219aec2d000 ConcurrentGCThread "G1 Conc#0" [stack: 0x0000005c3ca00000,0x0000005c3cb00000] [id=9380]

[error occurred during error reporting (printing all threads), id 0xc0000005, EXCEPTION_ACCESS_VIOLATION (0xc0000005) at pc=0x00007ffb0e1c83a7]

VM state:not at safepoint (not fully initialized)

VM Mutex/Monitor currently owned by a thread:  ([mutex/lock_event])
[0x00000219aebf36d0] Heap_lock - owner thread: 0x00000219aebf6800

Heap address: 0x00000000c3200000, size: 974 MB, Compressed Oops mode: Non-zero based: 0x00000000c3200000
Narrow klass base: 0x0000000000000000, Narrow klass shift: 0

GC Heap History (0 events):
No events

Deoptimization events (0 events):
No events

Classes redefined (0 events):
No events

Internal exceptions (0 events):
No events

Events (1 events):
Event: 0.019 Loaded shared library C:\Program Files (x86)\Java\zulu11.52.13-ca-jdk11.0.13-win_x64\bin\zip.dll


Dynamic libraries:
0x00007ff631ce0000 - 0x00007ff631ced000 	C:\Program Files (x86)\Java\zulu11.52.13-ca-jdk11.0.13-win_x64\bin\javaw.exe
0x00007ffb46b10000 - 0x00007ffb46d05000 	C:\WINDOWS\SYSTEM32\ntdll.dll
0x00007ffb454e0000 - 0x00007ffb4559e000 	C:\WINDOWS\System32\KERNEL32.DLL
0x00007ffb443e0000 - 0x00007ffb446a8000 	C:\WINDOWS\System32\KERNELBASE.dll
0x00007ffb44990000 - 0x00007ffb44a90000 	C:\WINDOWS\System32\ucrtbase.dll
0x00007ffb3b0d0000 - 0x00007ffb3b0e5000 	C:\Program Files (x86)\Java\zulu11.52.13-ca-jdk11.0.13-win_x64\bin\VCRUNTIME140.dll
0x00007ffb3fdb0000 - 0x00007ffb3fdc7000 	C:\Program Files (x86)\Java\zulu11.52.13-ca-jdk11.0.13-win_x64\bin\jli.dll
0x00007ffb44be0000 - 0x00007ffb44d81000 	C:\WINDOWS\System32\USER32.dll
0x00007ffb38340000 - 0x00007ffb385da000 	C:\WINDOWS\WinSxS\amd64_microsoft.windows.common-controls_6595b64144ccf1df_6.0.19041.1110_none_60b5254171f9507e\COMCTL32.dll
0x00007ffb44700000 - 0x00007ffb44722000 	C:\WINDOWS\System32\win32u.dll
0x00007ffb45c10000 - 0x00007ffb45cae000 	C:\WINDOWS\System32\msvcrt.dll
0x00007ffb455a0000 - 0x00007ffb455cb000 	C:\WINDOWS\System32\GDI32.dll
0x00007ffb44220000 - 0x00007ffb4432d000 	C:\WINDOWS\System32\gdi32full.dll
0x00007ffb44730000 - 0x00007ffb447cd000 	C:\WINDOWS\System32\msvcp_win.dll
0x00007ffb466b0000 - 0x00007ffb466e0000 	C:\WINDOWS\System32\IMM32.DLL
0x00007ffb32d00000 - 0x00007ffb32d9b000 	C:\Program Files (x86)\Java\zulu11.52.13-ca-jdk11.0.13-win_x64\bin\msvcp140.dll
0x00007ffb0ded0000 - 0x00007ffb0ea5a000 	C:\Program Files (x86)\Java\zulu11.52.13-ca-jdk11.0.13-win_x64\bin\server\jvm.dll
0x00007ffb463c0000 - 0x00007ffb4646c000 	C:\WINDOWS\System32\ADVAPI32.dll
0x00007ffb464d0000 - 0x00007ffb4656b000 	C:\WINDOWS\System32\sechost.dll
0x00007ffb45ae0000 - 0x00007ffb45c0a000 	C:\WINDOWS\System32\RPCRT4.dll
0x00007ffb463b0000 - 0x00007ffb463b8000 	C:\WINDOWS\System32\PSAPI.DLL
0x00007ffb3fd70000 - 0x00007ffb3fd79000 	C:\WINDOWS\SYSTEM32\WSOCK32.dll
0x00007ffb455d0000 - 0x00007ffb4563b000 	C:\WINDOWS\System32\WS2_32.dll
0x00007ffb3ab80000 - 0x00007ffb3aba7000 	C:\WINDOWS\SYSTEM32\WINMM.dll
0x00007ffb3b070000 - 0x00007ffb3b07a000 	C:\WINDOWS\SYSTEM32\VERSION.dll
0x00007ffb42030000 - 0x00007ffb42042000 	C:\WINDOWS\SYSTEM32\kernel.appcore.dll
0x00007ffb3c050000 - 0x00007ffb3c060000 	C:\Program Files (x86)\Java\zulu11.52.13-ca-jdk11.0.13-win_x64\bin\verify.dll
0x00007ffb3eaa0000 - 0x00007ffb3ec84000 	C:\WINDOWS\SYSTEM32\DBGHELP.DLL
0x00007ffb3e390000 - 0x00007ffb3e3bc000 	C:\WINDOWS\SYSTEM32\dbgcore.DLL
0x00007ffb44a90000 - 0x00007ffb44b12000 	C:\WINDOWS\System32\bcryptPrimitives.dll
0x00007ffb36d90000 - 0x00007ffb36db8000 	C:\Program Files (x86)\Java\zulu11.52.13-ca-jdk11.0.13-win_x64\bin\java.dll
0x00007ffb3aa70000 - 0x00007ffb3aa7a000 	C:\Program Files (x86)\Java\zulu11.52.13-ca-jdk11.0.13-win_x64\bin\jimage.dll
0x00007ffb358b0000 - 0x00007ffb358c7000 	C:\Program Files (x86)\Java\zulu11.52.13-ca-jdk11.0.13-win_x64\bin\zip.dll

dbghelp: loaded successfully - version: 4.0.5 - missing functions: none
symbol engine: initialized successfully - sym options: 0x614 - pdb path: .;C:\Program Files (x86)\Java\zulu11.52.13-ca-jdk11.0.13-win_x64\bin;C:\WINDOWS\SYSTEM32;C:\WINDOWS\WinSxS\amd64_microsoft.windows.common-controls_6595b64144ccf1df_6.0.19041.1110_none_60b5254171f9507e;C:\Program Files (x86)\Java\zulu11.52.13-ca-jdk11.0.13-win_x64\bin\server

VM Arguments:
jvm_args: -Dfile.encoding=Cp1252 
java_command: calculador.calculadora
java_class_path (initial): C:\Users\Administrador\eclipse-workspace\primeiro projeto\bin
Launcher Type: SUN_STANDARD

[Global flags]
     intx CICompilerCount                          = 3                                         {product} {ergonomic}
     uint ConcGCThreads                            = 1                                         {product} {ergonomic}
     uint G1ConcRefinementThreads                  = 4                                         {product} {ergonomic}
   size_t G1HeapRegionSize                         = 1048576                                   {product} {ergonomic}
    uintx GCDrainStackTargetSize                   = 64                                        {product} {ergonomic}
   size_t InitialHeapSize                          = 65011712                                  {product} {ergonomic}
   size_t MarkStackSize                            = 4194304                                   {product} {ergonomic}
   size_t MaxHeapSize                              = 1021313024                                {product} {ergonomic}
   size_t MinHeapDeltaBytes                        = 1048576                                   {product} {ergonomic}
    uintx NonNMethodCodeHeapSize                   = 5830732                                {pd product} {ergonomic}
    uintx NonProfiledCodeHeapSize                  = 122913754                              {pd product} {ergonomic}
    uintx ProfiledCodeHeapSize                     = 122913754                              {pd product} {ergonomic}
    uintx ReservedCodeCacheSize                    = 251658240                              {pd product} {ergonomic}
     bool SegmentedCodeCache                       = true                                      {product} {ergonomic}
     bool UseCompressedClassPointers               = true                                 {lp64_product} {ergonomic}
     bool UseCompressedOops                        = true                                 {lp64_product} {ergonomic}
     bool UseG1GC                                  = true                                      {product} {ergonomic}
     bool UseLargePagesIndividualAllocation        = false                                  {pd product} {ergonomic}

Logging:
Log output configuration:
 #0: stdout all=warning uptime,level,tags
 #1: stderr all=off uptime,level,tags

Environment Variables:
JAVA_HOME=C:\Program Files (x86)\Java\zulu11.52.13-ca-jdk11.0.13-win_x64
PATH=C:/Program Files (x86)/Java/zulu11.52.13-ca-jdk11.0.13-win_x64/bin/server;C:/Program Files (x86)/Java/zulu11.52.13-ca-jdk11.0.13-win_x64/bin;C:\Program Files (x86)\Java\zulu11.52.13-ca-jdk11.0.13-win_x64\bin;C:\WINDOWS\system32;C:\WINDOWS;C:\WINDOWS\System32\Wbem;C:\WINDOWS\System32\WindowsPowerShell\v1.0\;C:\WINDOWS\System32\OpenSSH\;C:\ProgramData\UNIVALI\Portugol Studio;C:\Program Files\Git\cmd;C:\Users\Administrador\AppData\Local\Microsoft\WindowsApps;;C:\Program Files\JetBrains\IntelliJ IDEA Community Edition 2021.3\bin;;C:\Users\Administrador\Desktop;
USERNAME=Administrador
OS=Windows_NT
PROCESSOR_IDENTIFIER=Intel64 Family 6 Model 37 Stepping 5, GenuineIntel



---------------  S Y S T E M  ---------------

OS: Windows 10 , 64 bit Build 19041 (10.0.19041.1348)
OS uptime: 0 days 14:21 hours

CPU:total 4 (initial active 4) (2 cores per cpu, 2 threads per core) family 6 model 37 stepping 5 microcode 0x7, cmov, cx8, fxsr, mmx, sse, sse2, sse3, ssse3, sse4.1, sse4.2, popcnt, ht, tsc, tscinvbit

Memory: 4k page, system-wide physical 3893M (265M free)
TotalPageFile size 3893M (AvailPageFile size 5M)
current process WorkingSet (physical memory assigned to process): 9M, peak: 9M
current process commit charge ("private bytes"): 51M, peak: 113M

vm_info: OpenJDK 64-Bit Server VM (11.0.13+8-LTS) for windows-amd64 JRE (Zulu11.52+13-CA) (11.0.13+8-LTS), built on Oct  7 2021 16:00:23 by "zulu_re" with MS VC++ 15.9 (VS2017)

END.
